#
# A fatal error has been detected by the Java Runtime Environment:
#
#  EXCEPTION_ACCESS_VIOLATION (0xc0000005) at pc=0x00007ffb86388ab2, pid=2976, tid=0x000000000000068c
#
# JRE version: Java(TM) SE Runtime Environment (8.0_101-b13) (build 1.8.0_101-b13)
# Java VM: Java HotSpot(TM) 64-Bit Server VM (25.101-b13 mixed mode windows-amd64 compressed oops)
# Problematic frame:
# C  [igdumd64.dll+0x8ab2]
#
# Failed to write core dump. Minidumps are not enabled by default on client versions of Windows
#
# If you would like to submit a bug report, please visit:
#   http://bugreport.java.com/bugreport/crash.jsp
# The crash happened outside the Java Virtual Machine in native code.
# See problematic frame for where to report the bug.
#

---------------  T H R E A D  ---------------

Current thread (0x0000000017eae000):  JavaThread "QuantumRenderer-0" daemon [_thread_in_native, id=1676, stack(0x0000000018790000,0x0000000018890000)]

siginfo: ExceptionCode=0xc0000005, writing address 0x0000000000017b60

Registers:
RAX=0x0000000000017b70, RBX=0x0000000000017b60, RCX=0x0000000000000001, RDX=0x00000000189cb9d0
RSP=0x000000001888c6c0, RBP=0x0000000000000029, RSI=0x00000000189cb9c0, RDI=0x0000000000000050
R8 =0x0000000000000050, R9 =0x0000000000000001, R10=0x0000000000000005, R11=0x000000001972f200
R12=0x0000000000000029, R13=0x0000000000000050, R14=0x0000000000000050, R15=0x0000000000000054
RIP=0x00007ffb86388ab2, EFLAGS=0x0000000000010202

Top of Stack: (sp=0x000000001888c6c0)
0x000000001888c6c0:   0000000080000000 000000001888c84c
0x000000001888c6d0:   000000001888c7fc 0000000000000400
0x000000001888c6e0:   0000000000000000 0000000000000000
0x000000001888c6f0:   4010000000000000 0000000000000000
0x000000001888c700:   00000000000004e7 0000000000000001
0x000000001888c710:   00000000000004be 00007ffb8638bd2e
0x000000001888c720:   0000000000000029 000000001888c820
0x000000001888c730:   0000000000000000 00007ffb8656bb89
0x000000001888c740:   0000000000000050 0000000000000029
0x000000001888c750:   000000001888c7b0 0000000018979590
0x000000001888c760:   42260000bf000000 00007ffb86587f12
0x000000001888c770:   000000001a38bf10 00007ffb865efba8
0x000000001888c780:   0000645a00f6b14f 0000000018979590
0x000000001888c790:   00007ffb00017b60 0000000000000050
0x000000001888c7a0:   000000001976b980 0000002900000050
0x000000001888c7b0:   0000008e00000001 00000000000004e7 

Instructions: (pc=0x00007ffb86388ab2)
0x00007ffb86388a92:   0f 84 14 02 00 00 0f 1f 84 00 00 00 00 00 f3 0f
0x00007ffb86388aa2:   6f 02 41 ff c1 48 83 c0 10 41 8b c9 48 83 c2 10
0x00007ffb86388ab2:   f3 0f 7f 40 f0 49 3b ca 72 e4 e9 eb 01 00 00 44
0x00007ffb86388ac2:   8b db 41 83 e3 0f 74 6d b8 10 00 00 00 45 33 c0 


Register to memory mapping:

RAX=0x0000000000017b70 is an unknown value
RBX=0x0000000000017b60 is an unknown value
RCX=0x0000000000000001 is an unknown value
RDX=0x00000000189cb9d0 is an unknown value
RSP=0x000000001888c6c0 is pointing into the stack for thread: 0x0000000017eae000
RBP=0x0000000000000029 is an unknown value
RSI=0x00000000189cb9c0 is an unknown value
RDI=0x0000000000000050 is an unknown value
R8 =0x0000000000000050 is an unknown value
R9 =0x0000000000000001 is an unknown value
R10=0x0000000000000005 is an unknown value
R11=0x000000001972f200 is an unknown value
R12=0x0000000000000029 is an unknown value
R13=0x0000000000000050 is an unknown value
R14=0x0000000000000050 is an unknown value
R15=0x0000000000000054 is an unknown value


Stack: [0x0000000018790000,0x0000000018890000],  sp=0x000000001888c6c0,  free space=1009k
Native frames: (J=compiled Java code, j=interpreted, Vv=VM code, C=native code)
C  [igdumd64.dll+0x8ab2]
C  [igdumd64.dll+0xbd2e]
C  [igdumd64.dll+0x99fb]
C  [igdumd64.dll+0x919e]
C  [d3d9.dll+0x1699c]
C  [d3d9.dll+0x4a061]
C  [d3d9.dll+0x44176]
C  [d3d9.dll+0x465b5]
C  [prism_d3d.dll+0xa736]
C  [prism_d3d.dll+0x88ec]
C  [prism_d3d.dll+0x8f83]
C  0x0000000002a7decf

Java frames: (J=compiled Java code, j=interpreted, Vv=VM code)
J 1910  com.sun.prism.d3d.D3DResourceFactory.nUpdateTextureB(JJLjava/nio/ByteBuffer;[BIIIIIIII)I (0 bytes) @ 0x0000000002a7de51 [0x0000000002a7dd80+0xd1]
J 3016 C2 com.sun.prism.d3d.D3DTexture.update(Ljava/nio/Buffer;Lcom/sun/prism/PixelFormat;IIIIIIIZ)V (425 bytes) @ 0x0000000002d2d47c [0x0000000002d2d240+0x23c]
J 2817 C2 com.sun.prism.d3d.D3DRTTexture.createGraphics()Lcom/sun/prism/Graphics; (9 bytes) @ 0x0000000002ac8704 [0x0000000002ac81e0+0x524]
J 2341 C1 com.sun.scenario.effect.impl.prism.ps.PPSRenderer.clearImage(Lcom/sun/scenario/effect/Filterable;)V (10 bytes) @ 0x0000000002beaf0c [0x0000000002beabc0+0x34c]
J 3110 C1 com.sun.scenario.effect.impl.ImagePool.checkOut(Lcom/sun/scenario/effect/impl/Renderer;II)Lcom/sun/scenario/effect/impl/PoolFilterable; (447 bytes) @ 0x0000000002aa4b24 [0x0000000002aa2520+0x2604]
J 2431 C1 com.sun.scenario.effect.impl.prism.ps.PPSRenderer.getCompatibleImage(II)Lcom/sun/scenario/effect/impl/PoolFilterable; (7 bytes) @ 0x00000000026155ec [0x00000000026154a0+0x14c]
J 2460 C1 com.sun.javafx.sg.prism.NodeEffectInput.getImageDataForBoundedNode(Lcom/sun/scenario/effect/FilterContext;Lcom/sun/javafx/sg/prism/NGNode;Lcom/sun/javafx/sg/prism/NodeEffectInput$RenderType;Lcom/sun/javafx/geom/transform/BaseTransform;Lcom/sun/javafx/geom/Rectangle;)Lcom/sun/scenario/effect/ImageData; (137 bytes) @ 0x0000000002c144fc [0x0000000002c14360+0x19c]
j  com.sun.javafx.sg.prism.NodeEffectInput.filter(Lcom/sun/scenario/effect/FilterContext;Lcom/sun/javafx/geom/transform/BaseTransform;Lcom/sun/javafx/geom/Rectangle;Ljava/lang/Object;Lcom/sun/scenario/effect/Effect;)Lcom/sun/scenario/effect/ImageData;+163
J 2536 C1 com.sun.scenario.effect.FilterEffect.filter(Lcom/sun/scenario/effect/FilterContext;Lcom/sun/javafx/geom/transform/BaseTransform;Lcom/sun/javafx/geom/Rectangle;Ljava/lang/Object;Lcom/sun/scenario/effect/Effect;)Lcom/sun/scenario/effect/ImageData; (265 bytes) @ 0x0000000002c319f4 [0x0000000002c30ee0+0xb14]
J 2660 C1 com.sun.scenario.effect.Offset.filter(Lcom/sun/scenario/effect/FilterContext;Lcom/sun/javafx/geom/transform/BaseTransform;Lcom/sun/javafx/geom/Rectangle;Ljava/lang/Object;Lcom/sun/scenario/effect/Effect;)Lcom/sun/scenario/effect/ImageData; (39 bytes) @ 0x00000000027cc5c4 [0x00000000027cbc20+0x9a4]
J 2659 C1 com.sun.scenario.effect.Merge.filter(Lcom/sun/scenario/effect/FilterContext;Lcom/sun/javafx/geom/transform/BaseTransform;Lcom/sun/javafx/geom/Rectangle;Ljava/lang/Object;Lcom/sun/scenario/effect/Effect;)Lcom/sun/scenario/effect/ImageData; (195 bytes) @ 0x000000000272f02c [0x000000000272e8c0+0x76c]
J 2535 C1 com.sun.scenario.effect.DelegateEffect.filter(Lcom/sun/scenario/effect/FilterContext;Lcom/sun/javafx/geom/transform/BaseTransform;Lcom/sun/javafx/geom/Rectangle;Ljava/lang/Object;Lcom/sun/scenario/effect/Effect;)Lcom/sun/scenario/effect/ImageData; (15 bytes) @ 0x0000000002c45a5c [0x0000000002c45880+0x1dc]
j  com.sun.scenario.effect.impl.prism.PrEffectHelper.render(Lcom/sun/scenario/effect/Effect;Lcom/sun/prism/Graphics;FFLcom/sun/scenario/effect/Effect;)V+511
J 2650 C2 com.sun.javafx.sg.prism.NGNode.doRender(Lcom/sun/prism/Graphics;)V (473 bytes) @ 0x0000000002c8872c [0x0000000002c88260+0x4cc]
J 2844 C2 com.sun.javafx.sg.prism.NGGroup.renderContent(Lcom/sun/prism/Graphics;)V (436 bytes) @ 0x0000000002caa1d0 [0x0000000002caa080+0x150]
J 2850 C2 com.sun.javafx.sg.prism.NGRegion.renderContent(Lcom/sun/prism/Graphics;)V (115 bytes) @ 0x0000000002cb5a40 [0x0000000002cb5940+0x100]
J 2650 C2 com.sun.javafx.sg.prism.NGNode.doRender(Lcom/sun/prism/Graphics;)V (473 bytes) @ 0x0000000002c88438 [0x0000000002c88260+0x1d8]
J 2844 C2 com.sun.javafx.sg.prism.NGGroup.renderContent(Lcom/sun/prism/Graphics;)V (436 bytes) @ 0x0000000002caa1d0 [0x0000000002caa080+0x150]
J 2850 C2 com.sun.javafx.sg.prism.NGRegion.renderContent(Lcom/sun/prism/Graphics;)V (115 bytes) @ 0x0000000002cb5a40 [0x0000000002cb5940+0x100]
J 2650 C2 com.sun.javafx.sg.prism.NGNode.doRender(Lcom/sun/prism/Graphics;)V (473 bytes) @ 0x0000000002c88438 [0x0000000002c88260+0x1d8]
J 2844 C2 com.sun.javafx.sg.prism.NGGroup.renderContent(Lcom/sun/prism/Graphics;)V (436 bytes) @ 0x0000000002caa1d0 [0x0000000002caa080+0x150]
J 2850 C2 com.sun.javafx.sg.prism.NGRegion.renderContent(Lcom/sun/prism/Graphics;)V (115 bytes) @ 0x0000000002cb5a40 [0x0000000002cb5940+0x100]
J 2650 C2 com.sun.javafx.sg.prism.NGNode.doRender(Lcom/sun/prism/Graphics;)V (473 bytes) @ 0x0000000002c88438 [0x0000000002c88260+0x1d8]
J 2844 C2 com.sun.javafx.sg.prism.NGGroup.renderContent(Lcom/sun/prism/Graphics;)V (436 bytes) @ 0x0000000002caa1d0 [0x0000000002caa080+0x150]
J 2850 C2 com.sun.javafx.sg.prism.NGRegion.renderContent(Lcom/sun/prism/Graphics;)V (115 bytes) @ 0x0000000002cb5a40 [0x0000000002cb5940+0x100]
J 2460 C1 com.sun.javafx.sg.prism.NodeEffectInput.getImageDataForBoundedNode(Lcom/sun/scenario/effect/FilterContext;Lcom/sun/javafx/sg/prism/NGNode;Lcom/sun/javafx/sg/prism/NodeEffectInput$RenderType;Lcom/sun/javafx/geom/transform/BaseTransform;Lcom/sun/javafx/geom/Rectangle;)Lcom/sun/scenario/effect/ImageData; (137 bytes) @ 0x0000000002c150e4 [0x0000000002c14360+0xd84]
j  com.sun.javafx.sg.prism.NodeEffectInput.filter(Lcom/sun/scenario/effect/FilterContext;Lcom/sun/javafx/geom/transform/BaseTransform;Lcom/sun/javafx/geom/Rectangle;Ljava/lang/Object;Lcom/sun/scenario/effect/Effect;)Lcom/sun/scenario/effect/ImageData;+163
J 2536 C1 com.sun.scenario.effect.FilterEffect.filter(Lcom/sun/scenario/effect/FilterContext;Lcom/sun/javafx/geom/transform/BaseTransform;Lcom/sun/javafx/geom/Rectangle;Ljava/lang/Object;Lcom/sun/scenario/effect/Effect;)Lcom/sun/scenario/effect/ImageData; (265 bytes) @ 0x0000000002c319f4 [0x0000000002c30ee0+0xb14]
j  com.sun.scenario.effect.impl.prism.PrEffectHelper.render(Lcom/sun/scenario/effect/Effect;Lcom/sun/prism/Graphics;FFLcom/sun/scenario/effect/Effect;)V+511
J 2650 C2 com.sun.javafx.sg.prism.NGNode.doRender(Lcom/sun/prism/Graphics;)V (473 bytes) @ 0x0000000002c8872c [0x0000000002c88260+0x4cc]
J 2844 C2 com.sun.javafx.sg.prism.NGGroup.renderContent(Lcom/sun/prism/Graphics;)V (436 bytes) @ 0x0000000002caa1d0 [0x0000000002caa080+0x150]
J 2850 C2 com.sun.javafx.sg.prism.NGRegion.renderContent(Lcom/sun/prism/Graphics;)V (115 bytes) @ 0x0000000002cb5a40 [0x0000000002cb5940+0x100]
J 2650 C2 com.sun.javafx.sg.prism.NGNode.doRender(Lcom/sun/prism/Graphics;)V (473 bytes) @ 0x0000000002c88438 [0x0000000002c88260+0x1d8]
J 2608 C2 com.sun.javafx.sg.prism.NGNode.render(Lcom/sun/prism/Graphics;)V (38 bytes) @ 0x0000000002c68378 [0x0000000002c68300+0x78]
J 2756 C1 com.sun.javafx.tk.quantum.ViewPainter.doPaint(Lcom/sun/prism/Graphics;Lcom/sun/javafx/sg/prism/NodePath;)V (205 bytes) @ 0x00000000027600bc [0x000000000275f1c0+0xefc]
J 2959 C1 com.sun.javafx.tk.quantum.ViewPainter.paintImpl(Lcom/sun/prism/Graphics;)V (1457 bytes) @ 0x0000000002d0b91c [0x0000000002d08c80+0x2c9c]
J 2903 C1 com.sun.javafx.tk.quantum.UploadingPainter.run()V (1245 bytes) @ 0x0000000002cc491c [0x0000000002cbe680+0x629c]
J 2952 C1 java.util.concurrent.Executors$RunnableAdapter.call()Ljava/lang/Object; (14 bytes) @ 0x00000000029cfb0c [0x00000000029cfa00+0x10c]
J 2951 C1 java.util.concurrent.FutureTask.runAndReset()Z (128 bytes) @ 0x000000000297901c [0x0000000002978dc0+0x25c]
J 2954 C1 com.sun.javafx.tk.RenderJob.run()V (105 bytes) @ 0x0000000002d05c0c [0x0000000002d05b80+0x8c]
j  java.util.concurrent.ThreadPoolExecutor.runWorker(Ljava/util/concurrent/ThreadPoolExecutor$Worker;)V+95
j  java.util.concurrent.ThreadPoolExecutor$Worker.run()V+5
j  com.sun.javafx.tk.quantum.QuantumRenderer$PipelineRunnable.run()V+8
j  java.lang.Thread.run()V+11
v  ~StubRoutines::call_stub

---------------  P R O C E S S  ---------------

Java Threads: ( => current thread )
  0x0000000018163800 JavaThread "Abandoned connection cleanup thread" daemon [_thread_blocked, id=7976, stack(0x000000001f430000,0x000000001f530000)]
  0x000000001839f000 JavaThread "Prism Font Disposer" daemon [_thread_blocked, id=10540, stack(0x000000001d0e0000,0x000000001d1e0000)]
  0x0000000017f6b800 JavaThread "Thread-3" daemon [_thread_in_native, id=10756, stack(0x000000001b010000,0x000000001b110000)]
  0x0000000017f3f800 JavaThread "JavaFX Application Thread" [_thread_in_native, id=8648, stack(0x0000000018d80000,0x0000000018e80000)]
  0x0000000017ef4000 JavaThread "Thread-2" daemon [_thread_blocked, id=1084, stack(0x0000000018c80000,0x0000000018d80000)]
=>0x0000000017eae000 JavaThread "QuantumRenderer-0" daemon [_thread_in_native, id=1676, stack(0x0000000018790000,0x0000000018890000)]
  0x0000000017ae7000 JavaThread "JavaFX-Launcher" [_thread_blocked, id=8492, stack(0x0000000018690000,0x0000000018790000)]
  0x0000000017856800 JavaThread "Monitor Ctrl-Break" daemon [_thread_in_native, id=8756, stack(0x0000000017d30000,0x0000000017e30000)]
  0x0000000015e3e800 JavaThread "Service Thread" daemon [_thread_blocked, id=7516, stack(0x0000000017b30000,0x0000000017c30000)]
  0x0000000015dec800 JavaThread "C1 CompilerThread2" daemon [_thread_blocked, id=6884, stack(0x0000000017630000,0x0000000017730000)]
  0x0000000015de4000 JavaThread "C2 CompilerThread1" daemon [_thread_blocked, id=7140, stack(0x0000000017530000,0x0000000017630000)]
  0x0000000015ddf800 JavaThread "C2 CompilerThread0" daemon [_thread_blocked, id=8800, stack(0x0000000017430000,0x0000000017530000)]
  0x0000000015ddd800 JavaThread "Attach Listener" daemon [_thread_blocked, id=8680, stack(0x0000000017330000,0x0000000017430000)]
  0x0000000015ddc000 JavaThread "Signal Dispatcher" daemon [_thread_blocked, id=580, stack(0x0000000017230000,0x0000000017330000)]
  0x0000000015dca000 JavaThread "Finalizer" daemon [_thread_blocked, id=6176, stack(0x0000000017040000,0x0000000017140000)]
  0x00000000024d4000 JavaThread "Reference Handler" daemon [_thread_blocked, id=9740, stack(0x0000000016f40000,0x0000000017040000)]
  0x00000000023e2800 JavaThread "main" [_thread_blocked, id=1956, stack(0x00000000022e0000,0x00000000023e0000)]

Other Threads:
  0x0000000015da7800 VMThread [stack: 0x0000000016e40000,0x0000000016f40000] [id=6340]
  0x000000001776e000 WatcherThread [stack: 0x0000000017c30000,0x0000000017d30000] [id=6984]

VM state:not at safepoint (normal execution)

VM Mutex/Monitor currently owned by a thread: None

Heap:
 PSYoungGen      total 32768K, used 7668K [0x00000000e0400000, 0x00000000e2c00000, 0x0000000100000000)
  eden space 24576K, 14% used [0x00000000e0400000,0x00000000e07961e8,0x00000000e1c00000)
  from space 8192K, 48% used [0x00000000e1c00000,0x00000000e1fe7130,0x00000000e2400000)
  to   space 8192K, 0% used [0x00000000e2400000,0x00000000e2400000,0x00000000e2c00000)
 ParOldGen       total 58880K, used 12454K [0x00000000a0c00000, 0x00000000a4580000, 0x00000000e0400000)
  object space 58880K, 21% used [0x00000000a0c00000,0x00000000a1829898,0x00000000a4580000)
 Metaspace       used 21156K, capacity 21900K, committed 22016K, reserved 1069056K
  class space    used 2874K, capacity 3043K, committed 3072K, reserved 1048576K

Card table byte_map: [0x00000000118a0000,0x0000000011ba0000] byte_map_base: 0x000000001139a000

Marking Bits: (ParMarkBitMap*) 0x0000000063b8a6d0
 Begin Bits: [0x00000000121a0000, 0x0000000013970000)
 End Bits:   [0x0000000013970000, 0x0000000015140000)

Polling page: 0x00000000009a0000

CodeCache: size=245760Kb used=8846Kb max_used=8878Kb free=236913Kb
 bounds [0x00000000024e0000, 0x0000000002db0000, 0x00000000114e0000]
 total_blobs=3431 nmethods=2714 adapters=628
 compilation: enabled

Compilation events (10 events):
Event: 3810.750 Thread 0x0000000015de4000 3120       4       com.sun.javafx.tk.quantum.QuantumToolkit$$Lambda$45/262474814::run (8 bytes)
Event: 3810.754 Thread 0x0000000015ddf800 3121       4       com.sun.javafx.tk.quantum.QuantumToolkit::postPulse (148 bytes)
Event: 3810.767 Thread 0x0000000015de4000 nmethod 3120 0x00000000029e2b50 code [0x00000000029e2d80, 0x00000000029e3600]
Event: 3810.778 Thread 0x0000000015ddf800 nmethod 3121 0x0000000002a274d0 code [0x0000000002a276e0, 0x0000000002a280a0]
Event: 34746.101 Thread 0x0000000015dec800 3122       3       javafx.collections.ListChangeBuilder::insertAdd (190 bytes)
Event: 34746.102 Thread 0x0000000015dec800 nmethod 3122 0x000000000295e650 code [0x000000000295e880, 0x000000000295f678]
Event: 34746.160 Thread 0x0000000015dec800 3123       1       java.util.Arrays$ArrayList::get (7 bytes)
Event: 34746.161 Thread 0x0000000015dec800 nmethod 3123 0x00000000029e2790 code [0x00000000029e28e0, 0x00000000029e2a10]
Event: 34747.495 Thread 0x0000000015dec800 3124       3       com.sun.javafx.tk.quantum.QuantumToolkit$$Lambda$45/262474814::run (8 bytes)
Event: 34747.496 Thread 0x0000000015dec800 nmethod 3124 0x00000000029ead10 code [0x00000000029eaec0, 0x00000000029eb478]

GC Heap History (10 events):
Event: 482.348 GC heap before
{Heap before GC invocations=6 (full 1):
 PSYoungGen      total 28672K, used 28508K [0x00000000e0400000, 0x00000000e2880000, 0x0000000100000000)
  eden space 24576K, 100% used [0x00000000e0400000,0x00000000e1c00000,0x00000000e1c00000)
  from space 4096K, 96% used [0x00000000e2000000,0x00000000e23d7130,0x00000000e2400000)
  to   space 4096K, 0% used [0x00000000e1c00000,0x00000000e1c00000,0x00000000e2000000)
 ParOldGen       total 58880K, used 12438K [0x00000000a0c00000, 0x00000000a4580000, 0x00000000e0400000)
  object space 58880K, 21% used [0x00000000a0c00000,0x00000000a1825898,0x00000000a4580000)
 Metaspace       used 21148K, capacity 21882K, committed 22016K, reserved 1069056K
  class space    used 2872K, capacity 3040K, committed 3072K, reserved 1048576K
Event: 482.355 GC heap after
Heap after GC invocations=6 (full 1):
 PSYoungGen      total 28672K, used 3996K [0x00000000e0400000, 0x00000000e2e00000, 0x0000000100000000)
  eden space 24576K, 0% used [0x00000000e0400000,0x00000000e0400000,0x00000000e1c00000)
  from space 4096K, 97% used [0x00000000e1c00000,0x00000000e1fe7130,0x00000000e2000000)
  to   space 9216K, 0% used [0x00000000e2500000,0x00000000e2500000,0x00000000e2e00000)
 ParOldGen       total 58880K, used 12446K [0x00000000a0c00000, 0x00000000a4580000, 0x00000000e0400000)
  object space 58880K, 21% used [0x00000000a0c00000,0x00000000a1827898,0x00000000a4580000)
 Metaspace       used 21148K, capacity 21882K, committed 22016K, reserved 1069056K
  class space    used 2872K, capacity 3040K, committed 3072K, reserved 1048576K
}
Event: 799.834 GC heap before
{Heap before GC invocations=7 (full 1):
 PSYoungGen      total 28672K, used 28572K [0x00000000e0400000, 0x00000000e2e00000, 0x0000000100000000)
  eden space 24576K, 100% used [0x00000000e0400000,0x00000000e1c00000,0x00000000e1c00000)
  from space 4096K, 97% used [0x00000000e1c00000,0x00000000e1fe7130,0x00000000e2000000)
  to   space 9216K, 0% used [0x00000000e2500000,0x00000000e2500000,0x00000000e2e00000)
 ParOldGen       total 58880K, used 12446K [0x00000000a0c00000, 0x00000000a4580000, 0x00000000e0400000)
  object space 58880K, 21% used [0x00000000a0c00000,0x00000000a1827898,0x00000000a4580000)
 Metaspace       used 21148K, capacity 21882K, committed 22016K, reserved 1069056K
  class space    used 2872K, capacity 3040K, committed 3072K, reserved 1048576K
Event: 799.842 GC heap after
Heap after GC invocations=7 (full 1):
 PSYoungGen      total 32768K, used 3996K [0x00000000e0400000, 0x00000000e2d00000, 0x0000000100000000)
  eden space 24576K, 0% used [0x00000000e0400000,0x00000000e0400000,0x00000000e1c00000)
  from space 8192K, 48% used [0x00000000e2500000,0x00000000e28e7130,0x00000000e2d00000)
  to   space 8704K, 0% used [0x00000000e1c00000,0x00000000e1c00000,0x00000000e2480000)
 ParOldGen       total 58880K, used 12446K [0x00000000a0c00000, 0x00000000a4580000, 0x00000000e0400000)
  object space 58880K, 21% used [0x00000000a0c00000,0x00000000a1827898,0x00000000a4580000)
 Metaspace       used 21148K, capacity 21882K, committed 22016K, reserved 1069056K
  class space    used 2872K, capacity 3040K, committed 3072K, reserved 1048576K
}
Event: 1124.727 GC heap before
{Heap before GC invocations=8 (full 1):
 PSYoungGen      total 32768K, used 28572K [0x00000000e0400000, 0x00000000e2d00000, 0x0000000100000000)
  eden space 24576K, 100% used [0x00000000e0400000,0x00000000e1c00000,0x00000000e1c00000)
  from space 8192K, 48% used [0x00000000e2500000,0x00000000e28e7130,0x00000000e2d00000)
  to   space 8704K, 0% used [0x00000000e1c00000,0x00000000e1c00000,0x00000000e2480000)
 ParOldGen       total 58880K, used 12446K [0x00000000a0c00000, 0x00000000a4580000, 0x00000000e0400000)
  object space 58880K, 21% used [0x00000000a0c00000,0x00000000a1827898,0x00000000a4580000)
 Metaspace       used 21148K, capacity 21882K, committed 22016K, reserved 1069056K
  class space    used 2872K, capacity 3040K, committed 3072K, reserved 1048576K
Event: 1124.734 GC heap after
Heap after GC invocations=8 (full 1):
 PSYoungGen      total 33280K, used 3996K [0x00000000e0400000, 0x00000000e2d00000, 0x0000000100000000)
  eden space 24576K, 0% used [0x00000000e0400000,0x00000000e0400000,0x00000000e1c00000)
  from space 8704K, 45% used [0x00000000e1c00000,0x00000000e1fe7130,0x00000000e2480000)
  to   space 8704K, 0% used [0x00000000e2480000,0x00000000e2480000,0x00000000e2d00000)
 ParOldGen       total 58880K, used 12454K [0x00000000a0c00000, 0x00000000a4580000, 0x00000000e0400000)
  object space 58880K, 21% used [0x00000000a0c00000,0x00000000a1829898,0x00000000a4580000)
 Metaspace       used 21148K, capacity 21882K, committed 22016K, reserved 1069056K
  class space    used 2872K, capacity 3040K, committed 3072K, reserved 1048576K
}
Event: 1450.855 GC heap before
{Heap before GC invocations=9 (full 1):
 PSYoungGen      total 33280K, used 28572K [0x00000000e0400000, 0x00000000e2d00000, 0x0000000100000000)
  eden space 24576K, 100% used [0x00000000e0400000,0x00000000e1c00000,0x00000000e1c00000)
  from space 8704K, 45% used [0x00000000e1c00000,0x00000000e1fe7130,0x00000000e2480000)
  to   space 8704K, 0% used [0x00000000e2480000,0x00000000e2480000,0x00000000e2d00000)
 ParOldGen       total 58880K, used 12454K [0x00000000a0c00000, 0x00000000a4580000, 0x00000000e0400000)
  object space 58880K, 21% used [0x00000000a0c00000,0x00000000a1829898,0x00000000a4580000)
 Metaspace       used 21148K, capacity 21882K, committed 22016K, reserved 1069056K
  class space    used 2872K, capacity 3040K, committed 3072K, reserved 1048576K
Event: 1450.862 GC heap after
Heap after GC invocations=9 (full 1):
 PSYoungGen      total 32256K, used 3964K [0x00000000e0400000, 0x00000000e2c00000, 0x0000000100000000)
  eden space 24576K, 0% used [0x00000000e0400000,0x00000000e0400000,0x00000000e1c00000)
  from space 7680K, 51% used [0x00000000e2480000,0x00000000e285f130,0x00000000e2c00000)
  to   space 8192K, 0% used [0x00000000e1c00000,0x00000000e1c00000,0x00000000e2400000)
 ParOldGen       total 58880K, used 12454K [0x00000000a0c00000, 0x00000000a4580000, 0x00000000e0400000)
  object space 58880K, 21% used [0x00000000a0c00000,0x00000000a1829898,0x00000000a4580000)
 Metaspace       used 21148K, capacity 21882K, committed 22016K, reserved 1069056K
  class space    used 2872K, capacity 3040K, committed 3072K, reserved 1048576K
}
Event: 1775.191 GC heap before
{Heap before GC invocations=10 (full 1):
 PSYoungGen      total 32256K, used 28540K [0x00000000e0400000, 0x00000000e2c00000, 0x0000000100000000)
  eden space 24576K, 100% used [0x00000000e0400000,0x00000000e1c00000,0x00000000e1c00000)
  from space 7680K, 51% used [0x00000000e2480000,0x00000000e285f130,0x00000000e2c00000)
  to   space 8192K, 0% used [0x00000000e1c00000,0x00000000e1c00000,0x00000000e2400000)
 ParOldGen       total 58880K, used 12454K [0x00000000a0c00000, 0x00000000a4580000, 0x00000000e0400000)
  object space 58880K, 21% used [0x00000000a0c00000,0x00000000a1829898,0x00000000a4580000)
 Metaspace       used 21149K, capacity 21882K, committed 22016K, reserved 1069056K
  class space    used 2872K, capacity 3040K, committed 3072K, reserved 1048576K
Event: 1775.197 GC heap after
Heap after GC invocations=10 (full 1):
 PSYoungGen      total 32768K, used 3996K [0x00000000e0400000, 0x00000000e2c00000, 0x0000000100000000)
  eden space 24576K, 0% used [0x00000000e0400000,0x00000000e0400000,0x00000000e1c00000)
  from space 8192K, 48% used [0x00000000e1c00000,0x00000000e1fe7130,0x00000000e2400000)
  to   space 8192K, 0% used [0x00000000e2400000,0x00000000e2400000,0x00000000e2c00000)
 ParOldGen       total 58880K, used 12454K [0x00000000a0c00000, 0x00000000a4580000, 0x00000000e0400000)
  object space 58880K, 21% used [0x00000000a0c00000,0x00000000a1829898,0x00000000a4580000)
 Metaspace       used 21149K, capacity 21882K, committed 22016K, reserved 1069056K
  class space    used 2872K, capacity 3040K, committed 3072K, reserved 1048576K
}

Deoptimization events (10 events):
Event: 1820.673 Thread 0x0000000017eae000 Uncommon trap: reason=unstable_if action=reinterpret pc=0x0000000002d3c5b8 method=com.sun.javafx.geom.DirtyRegionContainer.addDirtyRegion(Lcom/sun/javafx/geom/RectBounds;)V @ 24
Event: 1820.673 Thread 0x0000000017eae000 Uncommon trap: reason=unstable_if action=reinterpret pc=0x0000000002d3c7c0 method=com.sun.javafx.geom.DirtyRegionContainer.addDirtyRegion(Lcom/sun/javafx/geom/RectBounds;)V @ 24
Event: 1820.673 Thread 0x0000000017eae000 Uncommon trap: reason=unstable_if action=reinterpret pc=0x0000000002ca74cc method=com.sun.javafx.sg.prism.NGNode.markCullRegions(Lcom/sun/javafx/geom/DirtyRegionContainer;ILcom/sun/javafx/geom/transform/BaseTransform;Lcom/sun/javafx/geom/transform/GeneralT4HÑ
¸rœ@
Event: 1820.680 Thread 0x0000000017f6b800 Uncommon trap: reason=unstable_if action=reinterpret pc=0x0000000002c833a0 method=com.sun.javafx.tk.quantum.QuantumToolkit.postPulse()V @ 17
Event: 34746.169 Thread 0x0000000017f6b800 Uncommon trap: reason=unstable_if action=reinterpret pc=0x00000000029e3288 method=com.sun.javafx.tk.quantum.QuantumToolkit.postPulse()V @ 37
Event: 34746.170 Thread 0x0000000017eae000 Uncommon trap: reason=null_check action=make_not_entrant pc=0x0000000002d86790 method=com.sun.scenario.effect.impl.prism.PrFilterContext.getInstance(Lcom/sun/glass/ui/Screen;)Lcom/sun/scenario/effect/impl/prism/PrFilterContext; @ 23
Event: 34746.171 Thread 0x0000000017eae000 Uncommon trap: reason=null_check action=make_not_entrant pc=0x0000000002d5ce58 method=com.sun.scenario.effect.impl.Renderer.getRenderer(Lcom/sun/scenario/effect/FilterContext;)Lcom/sun/scenario/effect/impl/Renderer; @ 23
Event: 34746.174 Thread 0x0000000017eae000 Uncommon trap: reason=null_check action=make_not_entrant pc=0x00000000029b4bfc method=com.sun.scenario.effect.impl.Renderer.getPeerInstance(Lcom/sun/scenario/effect/FilterContext;Ljava/lang/String;I)Lcom/sun/scenario/effect/impl/EffectPeer; @ 59
Event: 34746.174 Thread 0x0000000017eae000 Uncommon trap: reason=unstable_if action=reinterpret pc=0x0000000002d675d0 method=com.sun.scenario.effect.impl.prism.ps.PPSOneSamplerPeer.filterImpl([Lcom/sun/scenario/effect/ImageData;)Lcom/sun/scenario/effect/ImageData; @ 210
Event: 34753.305 Thread 0x0000000017f6b800 Uncommon trap: reason=unstable_if action=reinterpret pc=0x0000000002a27c84 method=com.sun.javafx.tk.quantum.QuantumToolkit.postPulse()V @ 37

Internal exceptions (10 events):
Event: 1.475 Thread 0x0000000017f3f800 Exception <a 'java/lang/ArrayIndexOutOfBoundsException'> (0x00000000e0764af8) thrown at [C:\re\workspace\8-2-build-windows-amd64-cygwin\jdk8u101\7261\hotspot\src\share\vm\runtime\sharedRuntime.cpp, line 605]
Event: 1.544 Thread 0x0000000017f3f800 Exception <a 'java/io/FileNotFoundException'> (0x00000000e08f6888) thrown at [C:\re\workspace\8-2-build-windows-amd64-cygwin\jdk8u101\7261\hotspot\src\share\vm\prims\jni.cpp, line 709]
Event: 1.628 Thread 0x0000000017f3f800 Implicit null exception at 0x00000000027fbd35 to 0x00000000027fbf45
Event: 1.628 Thread 0x0000000017f3f800 Implicit null exception at 0x00000000027cbc1b to 0x00000000027cc565
Event: 8.306 Thread 0x0000000017f3f800 Implicit null exception at 0x000000000274bd56 to 0x000000000274c09d
Event: 8.348 Thread 0x0000000017f3f800 Implicit null exception at 0x00000000027e3737 to 0x00000000027e4209
Event: 11.315 Thread 0x0000000017f3f800 Exception <a 'java/lang/reflect/InvocationTargetException'> (0x00000000e0cdfb68) thrown at [C:\re\workspace\8-2-build-windows-amd64-cygwin\jdk8u101\7261\hotspot\src\share\vm\runtime\reflection.cpp, line 1092]
Event: 11.315 Thread 0x0000000017f3f800 Exception <a 'java/lang/RuntimeException'> (0x00000000e0ce0358) thrown at [C:\re\workspace\8-2-build-windows-amd64-cygwin\jdk8u101\7261\hotspot\src\share\vm\prims\jvm.cpp, line 1390]
Event: 34746.173 Thread 0x0000000017eae000 Implicit null exception at 0x00000000029b41bc to 0x00000000029b4bdd
Event: 34746.174 Thread 0x0000000017eae000 Implicit null exception at 0x0000000002d633b8 to 0x0000000002d67591

Events (10 events):
Event: 34746.173 Executing VM operation: RevokeBias
Event: 34746.174 Executing VM operation: RevokeBias done
Event: 34746.174 Thread 0x0000000017eae000 DEOPT PACKING pc=0x00000000029b4bfc sp=0x000000001888d780
Event: 34746.174 Thread 0x0000000017eae000 DEOPT UNPACKING pc=0x000000000252582a sp=0x000000001888d700 mode 2
Event: 34746.174 Thread 0x0000000017eae000 Uncommon trap: trap_request=0xffffff65 fr.pc=0x0000000002d675d0
Event: 34746.174 Thread 0x0000000017eae000 DEOPT PACKING pc=0x0000000002d675d0 sp=0x000000001888d730
Event: 34746.174 Thread 0x0000000017eae000 DEOPT UNPACKING pc=0x000000000252582a sp=0x000000001888d6a0 mode 2
Event: 34753.305 Thread 0x0000000017f6b800 Uncommon trap: trap_request=0xffffff65 fr.pc=0x0000000002a27c84
Event: 34753.306 Thread 0x0000000017f6b800 DEOPT PACKING pc=0x0000000002a27c84 sp=0x000000001b10f4c0
Event: 34753.306 Thread 0x0000000017f6b800 DEOPT UNPACKING pc=0x000000000252582a sp=0x000000001b10f4a0 mode 2


Dynamic libraries:
0x00007ff742ba0000 - 0x00007ff742bd7000 	C:\Program Files\Java\jdk1.8.0_101\bin\java.exe
0x00007ffbb7430000 - 0x00007ffbb7601000 	C:\WINDOWS\SYSTEM32\ntdll.dll
0x00007ffbb6d40000 - 0x00007ffbb6deb000 	C:\WINDOWS\System32\KERNEL32.DLL
0x00007ffbb4570000 - 0x00007ffbb478d000 	C:\WINDOWS\System32\KERNELBASE.dll
0x00007ffbb5340000 - 0x00007ffbb53e2000 	C:\WINDOWS\System32\ADVAPI32.dll
0x00007ffbb6fc0000 - 0x00007ffbb705e000 	C:\WINDOWS\System32\msvcrt.dll
0x00007ffbb4d60000 - 0x00007ffbb4db9000 	C:\WINDOWS\System32\sechost.dll
0x00007ffbb4b20000 - 0x00007ffbb4c41000 	C:\WINDOWS\System32\RPCRT4.dll
0x00007ffbb6e50000 - 0x00007ffbb6fb5000 	C:\WINDOWS\System32\USER32.dll
0x00007ffbb48f0000 - 0x00007ffbb490e000 	C:\WINDOWS\System32\win32u.dll
0x00007ffbb69c0000 - 0x00007ffbb69f4000 	C:\WINDOWS\System32\GDI32.dll
0x00007ffbb3b60000 - 0x00007ffbb3ce2000 	C:\WINDOWS\System32\gdi32full.dll
0x00007ffbaaa90000 - 0x00007ffbaad09000 	C:\WINDOWS\WinSxS\amd64_microsoft.windows.common-controls_6595b64144ccf1df_6.0.14393.447_none_42191651c6827bb3\COMCTL32.dll
0x00007ffbb7160000 - 0x00007ffbb7428000 	C:\WINDOWS\System32\combase.dll
0x00007ffbb4790000 - 0x00007ffbb4885000 	C:\WINDOWS\System32\ucrtbase.dll
0x00007ffbb3920000 - 0x00007ffbb398a000 	C:\WINDOWS\System32\bcryptPrimitives.dll
0x00007ffbb4c50000 - 0x00007ffbb4c7e000 	C:\WINDOWS\System32\IMM32.DLL
0x0000000062f20000 - 0x0000000062ff2000 	C:\Program Files\Java\jdk1.8.0_101\jre\bin\msvcr100.dll
0x0000000063370000 - 0x0000000063c0a000 	C:\Program Files\Java\jdk1.8.0_101\jre\bin\server\jvm.dll
0x00007ffbb4cb0000 - 0x00007ffbb4cb8000 	C:\WINDOWS\System32\PSAPI.DLL
0x00007ffba5ac0000 - 0x00007ffba5ac9000 	C:\WINDOWS\SYSTEM32\WSOCK32.dll
0x00007ffbb1520000 - 0x00007ffbb1543000 	C:\WINDOWS\SYSTEM32\WINMM.dll
0x00007ffbb6a00000 - 0x00007ffbb6a6a000 	C:\WINDOWS\System32\WS2_32.dll
0x00007ffbaa6a0000 - 0x00007ffbaa6aa000 	C:\WINDOWS\SYSTEM32\VERSION.dll
0x0000000000970000 - 0x000000000099b000 	C:\WINDOWS\SYSTEM32\WINMMBASE.dll
0x00007ffbb3d90000 - 0x00007ffbb3dd2000 	C:\WINDOWS\System32\cfgmgr32.dll
0x0000000063360000 - 0x000000006336f000 	C:\Program Files\Java\jdk1.8.0_101\jre\bin\verify.dll
0x0000000063330000 - 0x0000000063359000 	C:\Program Files\Java\jdk1.8.0_101\jre\bin\java.dll
0x0000000063310000 - 0x0000000063326000 	C:\Program Files\Java\jdk1.8.0_101\jre\bin\zip.dll
0x00007ffbb53f0000 - 0x00007ffbb68f9000 	C:\WINDOWS\System32\SHELL32.dll
0x00007ffbb3de0000 - 0x00007ffbb44ba000 	C:\WINDOWS\System32\windows.storage.dll
0x00007ffbb38d0000 - 0x00007ffbb391c000 	C:\WINDOWS\System32\powrprof.dll
0x00007ffbb6900000 - 0x00007ffbb6952000 	C:\WINDOWS\System32\shlwapi.dll
0x00007ffbb38b0000 - 0x00007ffbb38bf000 	C:\WINDOWS\System32\kernel.appcore.dll
0x00007ffbb44c0000 - 0x00007ffbb4569000 	C:\WINDOWS\System32\shcore.dll
0x00007ffbb3890000 - 0x00007ffbb38a4000 	C:\WINDOWS\System32\profapi.dll
0x00007ffbb16f0000 - 0x00007ffbb1700000 	C:\Program Files (x86)\JetBrains\IntelliJ IDEA 2016.3\bin\breakgen64.dll
0x0000000063100000 - 0x000000006311a000 	C:\Program Files\Java\jdk1.8.0_101\jre\bin\net.dll
0x00007ffbb31c0000 - 0x00007ffbb321c000 	C:\WINDOWS\system32\mswsock.dll
0x00007ffb8d9f0000 - 0x00007ffb8dadf000 	C:\Program Files\Java\jdk1.8.0_101\jre\bin\msvcr120.dll
0x00007ffba5d70000 - 0x00007ffba5e16000 	C:\Program Files\Java\jdk1.8.0_101\jre\bin\msvcp120.dll
0x0000000062ee0000 - 0x0000000062f02000 	C:\Program Files\Java\jdk1.8.0_101\jre\bin\prism_d3d.dll
0x00007ffb9e5d0000 - 0x00007ffb9e75d000 	C:\WINDOWS\system32\d3d9.dll
0x00007ffbb1460000 - 0x00007ffbb1486000 	C:\WINDOWS\SYSTEM32\dwmapi.dll
0x00007ffbb1f20000 - 0x00007ffbb1fb5000 	C:\WINDOWS\system32\uxtheme.dll
0x00007ffb86380000 - 0x00007ffb86fa0000 	C:\WINDOWS\SYSTEM32\igdumd64.dll
0x0000000062e90000 - 0x0000000062ed3000 	C:\Program Files\Java\jdk1.8.0_101\jre\bin\glass.dll
0x00007ffbb7060000 - 0x00007ffbb715a000 	C:\WINDOWS\System32\COMDLG32.dll
0x00007ffbb4dc0000 - 0x00007ffbb4ef7000 	C:\WINDOWS\System32\ole32.dll
0x00007ffbb6c80000 - 0x00007ffbb6d3f000 	C:\WINDOWS\System32\OLEAUT32.dll
0x00007ffbb3cf0000 - 0x00007ffbb3d8c000 	C:\WINDOWS\System32\msvcp_win.dll
0x00007ffbb49c0000 - 0x00007ffbb4b1b000 	C:\WINDOWS\System32\MSCTF.dll
0x0000000062e70000 - 0x0000000062e84000 	C:\Program Files\Java\jdk1.8.0_101\jre\bin\javafx_font.dll
0x00007ffb9c1d0000 - 0x00007ffb9c439000 	C:\WINDOWS\SYSTEM32\dwrite.dll
0x00007ffbb4cc0000 - 0x00007ffbb4d5f000 	C:\WINDOWS\System32\clbcatq.dll
0x00007ffbb1240000 - 0x00007ffbb13e8000 	C:\WINDOWS\SYSTEM32\WindowsCodecs.dll
0x00007ffb97e20000 - 0x00007ffb97e69000 	C:\WINDOWS\system32\dataexchange.dll
0x00007ffbb0b50000 - 0x00007ffbb0e06000 	C:\WINDOWS\system32\d3d11.dll
0x00007ffbb17c0000 - 0x00007ffbb1911000 	C:\WINDOWS\system32\dcomp.dll
0x00007ffbb2820000 - 0x00007ffbb28bf000 	C:\WINDOWS\system32\dxgi.dll
0x00007ffbb2380000 - 0x00007ffbb249c000 	C:\WINDOWS\system32\twinapi.appcore.dll
0x00007ffbb3470000 - 0x00007ffbb349b000 	C:\WINDOWS\system32\bcrypt.dll
0x00007ffba7dd0000 - 0x00007ffba7e02000 	C:\Program Files\Common Files\Microsoft Shared\Ink\rtscom.dll
0x0000000062e10000 - 0x0000000062e21000 	C:\Program Files\Java\jdk1.8.0_101\jre\bin\prism_common.dll
0x00007ffbadcd0000 - 0x00007ffbade62000 	C:\WINDOWS\SYSTEM32\dbghelp.dll

VM Arguments:
jvm_args: -Didea.launcher.port=7536 -Didea.launcher.bin.path=C:\Program Files (x86)\JetBrains\IntelliJ IDEA 2016.3\bin -Dfile.encoding=UTF-8 
java_command: com.intellij.rt.execution.application.AppMain nurseryApp.Main
java_class_path (initial): C:\Program Files\Java\jdk1.8.0_101\jre\lib\charsets.jar;C:\Program Files\Java\jdk1.8.0_101\jre\lib\deploy.jar;C:\Program Files\Java\jdk1.8.0_101\jre\lib\ext\access-bridge-64.jar;C:\Program Files\Java\jdk1.8.0_101\jre\lib\ext\cldrdata.jar;C:\Program Files\Java\jdk1.8.0_101\jre\lib\ext\dnsns.jar;C:\Program Files\Java\jdk1.8.0_101\jre\lib\ext\jaccess.jar;C:\Program Files\Java\jdk1.8.0_101\jre\lib\ext\jfxrt.jar;C:\Program Files\Java\jdk1.8.0_101\jre\lib\ext\localedata.jar;C:\Program Files\Java\jdk1.8.0_101\jre\lib\ext\nashorn.jar;C:\Program Files\Java\jdk1.8.0_101\jre\lib\ext\sunec.jar;C:\Program Files\Java\jdk1.8.0_101\jre\lib\ext\sunjce_provider.jar;C:\Program Files\Java\jdk1.8.0_101\jre\lib\ext\sunmscapi.jar;C:\Program Files\Java\jdk1.8.0_101\jre\lib\ext\sunpkcs11.jar;C:\Program Files\Java\jdk1.8.0_101\jre\lib\ext\zipfs.jar;C:\Program Files\Java\jdk1.8.0_101\jre\lib\javaws.jar;C:\Program Files\Java\jdk1.8.0_101\jre\lib\jce.jar;C:\Program Files\Java\jdk1.8.0_101\jre\lib\jfr.jar;C:\Program Files\Java\jdk1.8.0_101\jre\lib\jfxswt.jar;C:\Program Files\Java\jdk1.8.0_101\jre\lib\jsse.jar;C:\Program Files\Java\jdk1.8.0_101\jre\lib\management-agent.jar;C:\Program Files\Java\jdk1.8.0_101\jre\lib\plugin.jar;C:\Program Files\Java\jdk1.8.0_101\jre\lib\resources.jar;C:\Program Files\Java\jdk1.8.0_101\jre\lib\rt.jar;C:\Users\regga\IdeaProjects\NurseryApp\out\production\NurseryApp;C:\Program Files\Java\mysql-connector-java-5.1.40\mysql-connector-java-5.1.40\mysql-connector-java-5.1.40-bin.jar;C:\Users\regga\Downloads\jfxtras-labs-samples-8.0-r6-SNAPSHOT-all.jar;C:\Users\regga\Downloads\jfoenix.jar;C:\Users\regga\Downloads\controlsfx-8.40.12\controlsfx-8.40.12.jar;C:\Program Files (x86)\JetBrains\IntelliJ IDEA 2016.3\lib\idea_rt.jar
Launcher Type: SUN_STANDARD

Environment Variables:
PATH=C:\oraclexe\app\oracle\product\11.2.0\server\bin;C:\ProgramData\Oracle\Java\javapath;C:\WINDOWS\system32;C:\WINDOWS;C:\WINDOWS\System32\Wbem;C:\WINDOWS\System32\WindowsPowerShell\v1.0\;C:\Program Files\Microsoft SQL Server\120\Tools\Binn\;C:\Program Files (x86)\Windows Kits\10\Windows Performance Toolkit\;C:\Program Files (x86)\nodejs\;C:\Program Files (x86)\GtkSharp\2.12\bin;C:\Program Files\Dart\dart-sdk\bin;C:\Program Files (x86)\Skype\Phone\;C:\Program Files (x86)\PuTTY\;C:\Program Files\Microsoft SQL Server\130\Tools\Binn\;C:\Program Files (x86)\QuickTime\QTSystem\;c:\Program Files\Microsoft SQL Server\110\Tools\Binn\;c:\Program Files (x86)\Microsoft SQL Server\110\Tools\Binn\ManagementStudio\;c:\Program Files (x86)\Microsoft SQL Server\110\Tools\Binn\;c:\Program Files (x86)\Microsoft SQL Server\110\DTS\Binn\;C:\WINDOWS\system32\config\systemprofile\.dnx\bin;C:\Program Files\Microsoft DNX\Dnvm\;C:\Program Files\MySQL\MySQL Utilities 1.6\;C:\Program Files\Git\cmd;C:\Users\regga\AppData\Local\Programs\Python\Python35\Scripts\;C:\Users\regga\AppData\Local\Programs\Python\Python35\;C:\Users\regga\.dnx\bin;C:\Program Files\MongoDB\Server\3.2\bin
USERNAME=regga
OS=Windows_NT
PROCESSOR_IDENTIFIER=Intel64 Family 6 Model 42 Stepping 7, GenuineIntel



---------------  S Y S T E M  ---------------

OS: Windows 10.0 , 64 bit Build 14393 (10.0.14393.0)

CPU:total 4 (2 cores per cpu, 2 threads per core) family 6 model 42 stepping 7, cmov, cx8, fxsr, mmx, sse, sse2, sse3, ssse3, sse4.1, sse4.2, popcnt, avx, clmul, ht, tsc, tscinvbit

Memory: 4k page, physical 6238060k(1625192k free), swap 11480940k(4969680k free)

vm_info: Java HotSpot(TM) 64-Bit Server VM (25.101-b13) for windows-amd64 JRE (1.8.0_101-b13), built on Jun 22 2016 01:21:29 by "java_re" with MS VC++ 10.0 (VS2010)

time: Thu Jan 12 10:44:04 2017
elapsed time: 34754 seconds (0d 9h 39m 14s)

